  stdafx.cpp
  BattleCharacter.cpp
c:\users\alvin\source\repos\maxwell\maxwell\battlecharacter.cpp(45): warning C4244: '=': conversion from 'float' to 'int', possible loss of data
c:\users\alvin\source\repos\maxwell\maxwell\battlecharacter.cpp(48): warning C4244: '=': conversion from 'float' to 'int', possible loss of data
c:\users\alvin\source\repos\maxwell\maxwell\battlecharacter.cpp(59): warning C4244: '=': conversion from 'double' to 'int', possible loss of data
c:\users\alvin\source\repos\maxwell\maxwell\battlecharacter.cpp(62): warning C4244: '=': conversion from 'double' to 'int', possible loss of data
c:\users\alvin\source\repos\maxwell\maxwell\battlecharacter.cpp(65): warning C4244: '=': conversion from 'double' to 'int', possible loss of data
c:\users\alvin\source\repos\maxwell\maxwell\battlecharacter.cpp(68): warning C4244: '=': conversion from 'double' to 'int', possible loss of data
c:\users\alvin\source\repos\maxwell\maxwell\battlecharacter.cpp(71): warning C4244: '=': conversion from 'double' to 'int', possible loss of data
c:\users\alvin\source\repos\maxwell\maxwell\battlecharacter.cpp(81): warning C4018: '>=': signed/unsigned mismatch
c:\users\alvin\source\repos\maxwell\maxwell\battlecharacter.cpp(90): warning C4018: '<': signed/unsigned mismatch
c:\users\alvin\source\repos\maxwell\maxwell\battlecharacter.cpp(202): warning C4244: 'initializing': conversion from 'double' to 'float', possible loss of data
c:\users\alvin\source\repos\maxwell\maxwell\battlecharacter.cpp(203): warning C4244: 'return': conversion from 'double' to 'float', possible loss of data
  BattleSystem.cpp
  Character.cpp
c:\users\alvin\source\repos\maxwell\maxwell\character.cpp(185): warning C4244: 'return': conversion from 'double' to 'float', possible loss of data
c:\users\alvin\source\repos\maxwell\maxwell\character.cpp(190): warning C4244: 'return': conversion from 'double' to 'float', possible loss of data
c:\users\alvin\source\repos\maxwell\maxwell\character.cpp(195): warning C4244: 'return': conversion from 'double' to 'float', possible loss of data
c:\users\alvin\source\repos\maxwell\maxwell\character.cpp(287): warning C4018: '<': signed/unsigned mismatch
  Maxwell.cpp
  MyLinkedList.cpp
  MyLinkNode.cpp
  Generating Code...
  Maxwell.vcxproj -> C:\Users\alvin\source\repos\Maxwell\Debug\Maxwell.exe
