c:\users\alvin\source\repos\maxwell\maxwell\debug\maxwell.pch
c:\users\alvin\source\repos\maxwell\maxwell\debug\vc141.pdb
c:\users\alvin\source\repos\maxwell\maxwell\debug\vc141.idb
c:\users\alvin\source\repos\maxwell\maxwell\debug\stdafx.obj
c:\users\alvin\source\repos\maxwell\maxwell\debug\character.obj
c:\users\alvin\source\repos\maxwell\maxwell\debug\linkedlist.obj
c:\users\alvin\source\repos\maxwell\maxwell\debug\mylinknode.obj
c:\users\alvin\source\repos\maxwell\maxwell\debug\mylinkedlist.obj
c:\users\alvin\source\repos\maxwell\maxwell\debug\maxwell.obj
c:\users\alvin\source\repos\maxwell\maxwell\debug\battlecharacter.obj
c:\users\alvin\source\repos\maxwell\maxwell\debug\battlesystem.obj
c:\users\alvin\source\repos\maxwell\debug\maxwell.exe
c:\users\alvin\source\repos\maxwell\debug\maxwell.ilk
c:\users\alvin\source\repos\maxwell\debug\maxwell.pdb
c:\users\alvin\source\repos\maxwell\maxwell\debug\character.obj.enc
c:\users\alvin\source\repos\maxwell\maxwell\debug\maxwell.obj.enc
c:\users\alvin\source\repos\maxwell\maxwell\debug\maxwell.tlog\cl.command.1.tlog
c:\users\alvin\source\repos\maxwell\maxwell\debug\maxwell.tlog\cl.read.1.tlog
c:\users\alvin\source\repos\maxwell\maxwell\debug\maxwell.tlog\cl.write.1.tlog
c:\users\alvin\source\repos\maxwell\maxwell\debug\maxwell.tlog\link.command.1.tlog
c:\users\alvin\source\repos\maxwell\maxwell\debug\maxwell.tlog\link.read.1.tlog
c:\users\alvin\source\repos\maxwell\maxwell\debug\maxwell.tlog\link.write.1.tlog
